<?xml version="1.0" encoding="UTF-8"?>
<!-- Generated by org.testng.reporters.JUnitReportReporter -->
<testsuite skipped="0" hostname="ez-L-125" name="shaip_testcases.VerifyLoginWithDifferentRoles" tests="2" failures="0" timestamp="2021-08-24T18:23:48 IST" time="26.106" errors="0">
  <testcase name="verifyLoginWithDifferentUsers" time="12.776" classname="shaip_testcases.VerifyLoginWithDifferentRoles"/>
  <system-out/>
  <testcase name="verifyLoginWithDifferentUsers" time="13.330" classname="shaip_testcases.VerifyLoginWithDifferentRoles"/>
  <system-out/>
</testsuite> <!-- shaip_testcases.VerifyLoginWithDifferentRoles -->
