<?xml version="1.0" encoding="UTF-8"?>
<!-- Generated by org.testng.reporters.JUnitReportReporter -->
<testsuite hostname="ez-L-125" failures="0" tests="1" name="shaip_cucumberoptions.runCucumberTest_TestNG" time="5.361" errors="0" timestamp="2021-08-24T01:14:20 IST" skipped="0">
  <testcase classname="shaip_cucumberoptions.runCucumberTest_TestNG" name="runScenario" time="5.361"/>
  <system-out/>
</testsuite> <!-- shaip_cucumberoptions.runCucumberTest_TestNG -->
