<?xml version="1.0" encoding="UTF-8"?>
<!-- Generated by org.testng.reporters.JUnitReportReporter -->
<testsuite skipped="0" hostname="ez-L-125" name="shaip_testcases.trial2" tests="1" failures="0" timestamp="2021-08-24T14:40:48 IST" time="0.003" errors="0">
  <testcase name="trial_method_2" time="0.003" classname="shaip_testcases.trial2"/>
  <system-out/>
</testsuite> <!-- shaip_testcases.trial2 -->
