<?xml version="1.0" encoding="UTF-8"?>
<!-- Generated by org.testng.reporters.JUnitReportReporter -->
<testsuite hostname="ez-L-125" failures="0" tests="1" name="shaip_cucumberoptions.runCucumberTest" time="9.808" errors="0" timestamp="2021-08-23T22:54:19 IST" skipped="0">
  <testcase classname="shaip_cucumberoptions.runCucumberTest" name="runScenario" time="9.808"/>
  <system-out/>
</testsuite> <!-- shaip_cucumberoptions.runCucumberTest -->
